<?xml version="1.0" encoding="UTF-8"?>
<!-- Generated by org.testng.reporters.JUnitReportReporter -->
<testsuite hostname="SAURABH" failures="0" tests="1" name="JenkinsDemo.Jenkins.TestCase1" time="45.608" errors="0" timestamp="2023-06-03T18:33:05 IST" skipped="0">
  <testcase classname="JenkinsDemo.Jenkins.TestCase1" name="test" time="45.608"/>
  <system-out/>
</testsuite> <!-- JenkinsDemo.Jenkins.TestCase1 -->
