<?xml version="1.0" encoding="UTF-8"?>
<!-- Generated by org.testng.reporters.JUnitReportReporter -->
<testsuite hostname="SAURABH" failures="0" tests="1" name="JenkinsDemo.Jenkins.TestCase1" time="56.869" errors="0" timestamp="2023-06-04T12:30:27 IST" skipped="0">
  <testcase classname="JenkinsDemo.Jenkins.TestCase1" name="test" time="56.869"/>
  <system-out/>
</testsuite> <!-- JenkinsDemo.Jenkins.TestCase1 -->
